
> home-page-pc@0.1.0 build D:\work\next-pc\home-page-pc
> next build && next export

info  - Creating an optimized production build...
info  - Using external babel configuration from D:\work\next-pc\home-page-pc\.babelrc
info  - Compiled successfully
info  - Collecting page data...
info  - Generating static pages (0/9)
info  - Generating static pages (2/9)
info  - Generating static pages (4/9)
info  - Generating static pages (6/9)
info  - Generating static pages (9/9)
info  - Finalizing page optimization...

Page                                Size     First Load JS
┌ ● /                               8.99 kB         371 kB
├   └ css/039d5beccccf3c959e04.css  3.38 kB
├   /_app                           0 B            63.3 kB
├ ○ /404                            2.77 kB          66 kB
├ ● /about                          1.52 kB         348 kB
├   └ css/b941966bd89acdf1a9c6.css  1.13 kB
├ ● /gameCenter                     9.58 kB         356 kB
├   └ css/889ef89a464756e9917d.css  1.69 kB
├ ● /news                           28.5 kB         390 kB
├   └ css/c5b06898efddf5654f06.css  1.55 kB
└ ● /news/[id]                      2.03 kB         349 kB
    └ css/e293eb65f34783410ebf.css  1.31 kB
    ├ /news/4
    ├ /news/3
    ├ /news/2
    └ /news/1
+ First Load JS shared by all       63.3 kB
  ├ chunks/3af2ac97.a83a6a.js       68 B
  ├ chunks/commons.952812.js        13.3 kB
  ├ chunks/framework.d2e618.js      42.1 kB
  ├ chunks/main.01296f.js           6.32 kB
  ├ chunks/pages/_app.aa16d2.js     720 B
  ├ chunks/webpack.50bee0.js        751 B
  ├ css/230ded2a4b16594f07e5.css    68.7 kB
  └ css/29626cd96e455bd5fb86.css    4.14 kB

λ  (Server)  server-side renders at runtime (uses getInitialProps or getServerSideProps)
○  (Static)  automatically rendered as static HTML (uses no initial props)
●  (SSG)     automatically generated as static HTML + JSON (uses getStaticProps)
   (ISR)     incremental static regeneration (uses revalidate in getStaticProps)

info  - using build directory: D:\work\next-pc\home-page-pc\.next
info  - Copying "static build" directory
info  - No "exportPathMap" found in "next.config.js". Generating map from "./pages"
info  - Launching 3 workers
info  - Exporting (0/5)
info  - Copying "public" directory
info  - Exporting (1/5)
info  - Exporting (2/5)
info  - Exporting (3/5)
info  - Exporting (5/5)
Export successful. Files written to D:\work\next-pc\home-page-pc\out
::1 - GET /sayhello HTTP/1.1 - - - - ms
::1 - GET /sayhello HTTP/1.1 200 37 - 53536.946 ms
::1 - GET /sayhello HTTP/1.1 - - - - ms
::1 - GET /sayhello HTTP/1.1 - - - - ms
::1 - GET /sayhello HTTP/1.1 - - - - ms
::1 - GET /sayhello HTTP/1.1 - - - - ms
::1 - GET /sayhello HTTP/1.1 - - - - ms
::1 - GET /sayhello HTTP/1.1 - - - - ms
::1 - GET /sayhello HTTP/1.1 - - - - ms
::1 - GET /sayhello HTTP/1.1 - - - - ms
::1 - GET /sayhello HTTP/1.1 - - - - ms
::1 - GET /sayhello HTTP/1.1 - - - - ms
::1 - GET /sayhello HTTP/1.1 200 37 - 33547.318 ms
::1 - GET /sayhello HTTP/1.1 200 37 - 34895.527 ms
::1 - GET /sayhello HTTP/1.1 404 147 - 3.006 ms
::1 - GET /webStart HTTP/1.1 500 1181 - 1.483 ms
::1 - GET /webStart HTTP/1.1 500 1122 - 3.469 ms
::1 - GET /webStart HTTP/1.1 200 37 - 32404.907 ms
::1 - GET /webStart HTTP/1.1 200 37 - 32864.097 ms
