Error: Command failed: cd D:/work/next-pc/home-page-pc/ && npm run start
npm ERR! code ELIFECYCLE
npm ERR! errno 1
npm ERR! home-page-pc@0.1.0 start: `next start`
npm ERR! Exit status 1
npm ERR! 
npm ERR! Failed at the home-page-pc@0.1.0 start script.
npm ERR! This is probably not a problem with npm. There is likely additional logging output above.

npm ERR! A complete log of this run can be found in:
npm ERR!     C:\Users\Administrator\AppData\Roaming\npm-cache\_logs\2021-03-05T05_45_59_572Z-debug.log
Error: Command failed: cd D:/work/next-pc/home-page-pc/ && npm run start
npm ERR! code ELIFECYCLE
npm ERR! errno 1
npm ERR! home-page-pc@0.1.0 start: `next start`
npm ERR! Exit status 1
npm ERR! 
npm ERR! Failed at the home-page-pc@0.1.0 start script.
npm ERR! This is probably not a problem with npm. There is likely additional logging output above.

npm ERR! A complete log of this run can be found in:
npm ERR!     C:\Users\Administrator\AppData\Roaming\npm-cache\_logs\2021-03-05T05_50_34_717Z-debug.log
Error: Command failed: cd D:/work/next-pc/home-page-pc/ && npm run start
npm ERR! code ELIFECYCLE
npm ERR! errno 1
npm ERR! home-page-pc@0.1.0 start: `next start`
npm ERR! Exit status 1
npm ERR! 
npm ERR! Failed at the home-page-pc@0.1.0 start script.
npm ERR! This is probably not a problem with npm. There is likely additional logging output above.

npm ERR! A complete log of this run can be found in:
npm ERR!     C:\Users\Administrator\AppData\Roaming\npm-cache\_logs\2021-03-05T05_57_20_784Z-debug.log
